# JRE version: Java(TM) SE Runtime Environment (9.0+11) (build 9.0.4+11)
# Java VM: Java HotSpot(TM) 64-Bit Server VM (9.0.4+11, mixed mode, tiered, compressed oops, g1 gc, windows-amd64)
Heap:
 garbage-first heap   total 169984K, used 104844K [0x0000000700000000, 0x0000000700100530, 0x00000007c0000000)
  region size 1024K, 29 young (29696K), 1 survivors (1024K)
 Metaspace       used 84796K, capacity 89615K, committed 91260K, reserved 1128448K
  class space    used 11713K, capacity 12570K, committed 12924K, reserved 1048576K
GC Heap History (10 events):
Event: 3773.506 GC heap before
{Heap before GC invocations=117 (full 10):
 garbage-first heap   total 169984K, used 83443K [0x0000000700000000, 0x0000000700100530, 0x00000007c0000000)
  region size 1024K, 4 young (4096K), 1 survivors (1024K)
 Metaspace       used 84748K, capacity 89551K, committed 91260K, reserved 1128448K
  class space    used 11707K, capacity 12570K, committed 12924K, reserved 1048576K
}
Event: 3773.509 GC heap after
{Heap after GC invocations=118 (full 10):
 garbage-first heap   total 169984K, used 81394K [0x0000000700000000, 0x0000000700100530, 0x00000007c0000000)
  region size 1024K, 1 young (1024K), 1 survivors (1024K)
 Metaspace       used 84748K, capacity 89551K, committed 91260K, reserved 1128448K
  class space    used 11707K, capacity 12570K, committed 12924K, reserved 1048576K
}
Event: 3773.542 GC heap before
{Heap before GC invocations=118 (full 10):
 garbage-first heap   total 169984K, used 87538K [0x0000000700000000, 0x0000000700100530, 0x00000007c0000000)
  region size 1024K, 4 young (4096K), 1 survivors (1024K)
 Metaspace       used 84748K, capacity 89551K, committed 91260K, reserved 1128448K
  class space    used 11707K, capacity 12570K, committed 12924K, reserved 1048576K
}
Event: 3773.544 GC heap after
{Heap after GC invocations=119 (full 10):
 garbage-first heap   total 169984K, used 85537K [0x0000000700000000, 0x0000000700100530, 0x00000007c0000000)
  region size 1024K, 1 young (1024K), 1 survivors (1024K)
 Metaspace       used 84748K, capacity 89551K, committed 91260K, reserved 1128448K
  class space    used 11707K, capacity 12570K, committed 12924K, reserved 1048576K
}
Event: 3774.209 GC heap before
{Heap before GC invocations=120 (full 10):
 garbage-first heap   total 169984K, used 90657K [0x0000000700000000, 0x0000000700100530, 0x00000007c0000000)
  region size 1024K, 7 young (7168K), 1 survivors (1024K)
 Metaspace       used 84754K, capacity 89551K, committed 91260K, reserved 1128448K
  class space    used 11707K, capacity 12570K, committed 12924K, reserved 1048576K
}
Event: 3774.211 GC heap after
{Heap after GC invocations=121 (full 10):
 garbage-first heap   total 169984K, used 77328K [0x0000000700000000, 0x0000000700100530, 0x00000007c0000000)
  region size 1024K, 1 young (1024K), 1 survivors (1024K)
 Metaspace       used 84754K, capacity 89551K, committed 91260K, reserved 1128448K
  class space    used 11707K, capacity 12570K, committed 12924K, reserved 1048576K
}
Event: 3774.224 GC heap before
{Heap before GC invocations=121 (full 10):
 garbage-first heap   total 169984K, used 81424K [0x0000000700000000, 0x0000000700100530, 0x00000007c0000000)
  region size 1024K, 2 young (2048K), 1 survivors (1024K)
 Metaspace       used 84759K, capacity 89551K, committed 91260K, reserved 1128448K
  class space    used 11707K, capacity 12570K, committed 12924K, reserved 1048576K
}
Event: 3774.389 GC heap after
{Heap after GC invocations=122 (full 11):
 garbage-first heap   total 169984K, used 76766K [0x0000000700000000, 0x0000000700100530, 0x00000007c0000000)
  region size 1024K, 0 young (0K), 0 survivors (0K)
 Metaspace       used 84759K, capacity 89551K, committed 91260K, reserved 1128448K
  class space    used 11707K, capacity 12570K, committed 12924K, reserved 1048576K
}
Event: 3782.765 GC heap before
{Heap before GC invocations=122 (full 11):
 garbage-first heap   total 169984K, used 138206K [0x0000000700000000, 0x0000000700100530, 0x00000007c0000000)
  region size 1024K, 60 young (61440K), 0 survivors (0K)
 Metaspace       used 84781K, capacity 89615K, committed 91260K, reserved 1128448K
  class space    used 11707K, capacity 12570K, committed 12924K, reserved 1048576K
}
Event: 3782.767 GC heap after
{Heap after GC invocations=123 (full 11):
 garbage-first heap   total 169984K, used 77196K [0x0000000700000000, 0x0000000700100530, 0x00000007c0000000)
  region size 1024K, 1 young (1024K), 1 survivors (1024K)
 Metaspace       used 84781K, capacity 89615K, committed 91260K, reserved 1128448K
  class space    used 11707K, capacity 12570K, committed 12924K, reserved 1048576K
}

