# JRE version: Java(TM) SE Runtime Environment (9.0+11) (build 9.0.4+11)
# Java VM: Java HotSpot(TM) 64-Bit Server VM (9.0.4+11, mixed mode, tiered, compressed oops, g1 gc, windows-amd64)
Heap:
 garbage-first heap   total 212992K, used 131963K [0x0000000700000000, 0x0000000700100680, 0x00000007c0000000)
  region size 1024K, 42 young (43008K), 1 survivors (1024K)
 Metaspace       used 81993K, capacity 83813K, committed 90748K, reserved 1128448K
  class space    used 10582K, capacity 10971K, committed 12412K, reserved 1048576K
GC Heap History (10 events):
Event: 73629.461 GC heap before
{Heap before GC invocations=453 (full 67):
 garbage-first heap   total 212992K, used 151546K [0x0000000700000000, 0x0000000700100680, 0x00000007c0000000)
  region size 1024K, 60 young (61440K), 1 survivors (1024K)
 Metaspace       used 81973K, capacity 83813K, committed 90748K, reserved 1128448K
  class space    used 10582K, capacity 10971K, committed 12412K, reserved 1048576K
}
Event: 73629.464 GC heap after
{Heap after GC invocations=454 (full 67):
 garbage-first heap   total 212992K, used 91110K [0x0000000700000000, 0x0000000700100680, 0x00000007c0000000)
  region size 1024K, 1 young (1024K), 1 survivors (1024K)
 Metaspace       used 81973K, capacity 83813K, committed 90748K, reserved 1128448K
  class space    used 10582K, capacity 10971K, committed 12412K, reserved 1048576K
}
Event: 73629.771 GC heap before
{Heap before GC invocations=454 (full 67):
 garbage-first heap   total 212992K, used 151526K [0x0000000700000000, 0x0000000700100680, 0x00000007c0000000)
  region size 1024K, 60 young (61440K), 1 survivors (1024K)
 Metaspace       used 81973K, capacity 83813K, committed 90748K, reserved 1128448K
  class space    used 10582K, capacity 10971K, committed 12412K, reserved 1048576K
}
Event: 73629.774 GC heap after
{Heap after GC invocations=455 (full 67):
 garbage-first heap   total 212992K, used 91153K [0x0000000700000000, 0x0000000700100680, 0x00000007c0000000)
  region size 1024K, 1 young (1024K), 1 survivors (1024K)
 Metaspace       used 81973K, capacity 83813K, committed 90748K, reserved 1128448K
  class space    used 10582K, capacity 10971K, committed 12412K, reserved 1048576K
}
Event: 73631.086 GC heap before
{Heap before GC invocations=455 (full 67):
 garbage-first heap   total 212992K, used 121873K [0x0000000700000000, 0x0000000700100680, 0x00000007c0000000)
  region size 1024K, 32 young (32768K), 1 survivors (1024K)
 Metaspace       used 81993K, capacity 83813K, committed 90748K, reserved 1128448K
  class space    used 10582K, capacity 10971K, committed 12412K, reserved 1048576K
}
Event: 73631.258 GC heap after
{Heap after GC invocations=456 (full 68):
 garbage-first heap   total 212992K, used 85338K [0x0000000700000000, 0x0000000700100680, 0x00000007c0000000)
  region size 1024K, 0 young (0K), 0 survivors (0K)
 Metaspace       used 81993K, capacity 83813K, committed 90748K, reserved 1128448K
  class space    used 10582K, capacity 10971K, committed 12412K, reserved 1048576K
}
Event: 73730.604 GC heap before
{Heap before GC invocations=456 (full 68):
 garbage-first heap   total 212992K, used 151898K [0x0000000700000000, 0x0000000700100680, 0x00000007c0000000)
  region size 1024K, 60 young (61440K), 0 survivors (0K)
 Metaspace       used 81993K, capacity 83813K, committed 90748K, reserved 1128448K
  class space    used 10582K, capacity 10971K, committed 12412K, reserved 1048576K
}
Event: 73730.609 GC heap after
{Heap after GC invocations=457 (full 68):
 garbage-first heap   total 212992K, used 90955K [0x0000000700000000, 0x0000000700100680, 0x00000007c0000000)
  region size 1024K, 1 young (1024K), 1 survivors (1024K)
 Metaspace       used 81993K, capacity 83813K, committed 90748K, reserved 1128448K
  class space    used 10582K, capacity 10971K, committed 12412K, reserved 1048576K
}
Event: 73766.024 GC heap before
{Heap before GC invocations=457 (full 68):
 garbage-first heap   total 212992K, used 151371K [0x0000000700000000, 0x0000000700100680, 0x00000007c0000000)
  region size 1024K, 60 young (61440K), 1 survivors (1024K)
 Metaspace       used 81993K, capacity 83813K, committed 90748K, reserved 1128448K
  class space    used 10582K, capacity 10971K, committed 12412K, reserved 1048576K
}
Event: 73766.027 GC heap after
{Heap after GC invocations=458 (full 68):
 garbage-first heap   total 212992K, used 91003K [0x0000000700000000, 0x0000000700100680, 0x00000007c0000000)
  region size 1024K, 1 young (1024K), 1 survivors (1024K)
 Metaspace       used 81993K, capacity 83813K, committed 90748K, reserved 1128448K
  class space    used 10582K, capacity 10971K, committed 12412K, reserved 1048576K
}

