# JRE version: Java(TM) SE Runtime Environment (9.0+11) (build 9.0.4+11)
# Java VM: Java HotSpot(TM) 64-Bit Server VM (9.0.4+11, mixed mode, tiered, compressed oops, g1 gc, windows-amd64)
Heap:
 garbage-first heap   total 198656K, used 132441K [0x0000000700000000, 0x0000000700100610, 0x00000007c0000000)
  region size 1024K, 56 young (57344K), 1 survivors (1024K)
 Metaspace       used 83049K, capacity 84977K, committed 91720K, reserved 1128448K
  class space    used 10777K, capacity 11205K, committed 12616K, reserved 1048576K
GC Heap History (10 events):
Event: 31268.732 GC heap before
{Heap before GC invocations=684 (full 185):
 garbage-first heap   total 198656K, used 116710K [0x0000000700000000, 0x0000000700100610, 0x00000007c0000000)
  region size 1024K, 40 young (40960K), 0 survivors (0K)
 Metaspace       used 82992K, capacity 84971K, committed 91720K, reserved 1128448K
  class space    used 10774K, capacity 11204K, committed 12616K, reserved 1048576K
}
Event: 31268.953 GC heap after
{Heap after GC invocations=685 (full 186):
 garbage-first heap   total 198656K, used 76426K [0x0000000700000000, 0x0000000700100610, 0x00000007c0000000)
  region size 1024K, 0 young (0K), 0 survivors (0K)
 Metaspace       used 82992K, capacity 84971K, committed 91720K, reserved 1128448K
  class space    used 10774K, capacity 11204K, committed 12616K, reserved 1048576K
}
Event: 31269.279 GC heap before
{Heap before GC invocations=685 (full 186):
 garbage-first heap   total 198656K, used 137866K [0x0000000700000000, 0x0000000700100610, 0x00000007c0000000)
  region size 1024K, 60 young (61440K), 0 survivors (0K)
 Metaspace       used 82999K, capacity 84971K, committed 91720K, reserved 1128448K
  class space    used 10774K, capacity 11204K, committed 12616K, reserved 1048576K
}
Event: 31269.281 GC heap after
{Heap after GC invocations=686 (full 186):
 garbage-first heap   total 198656K, used 76910K [0x0000000700000000, 0x0000000700100610, 0x00000007c0000000)
  region size 1024K, 1 young (1024K), 1 survivors (1024K)
 Metaspace       used 82999K, capacity 84971K, committed 91720K, reserved 1128448K
  class space    used 10774K, capacity 11204K, committed 12616K, reserved 1048576K
}
Event: 31271.486 GC heap before
{Heap before GC invocations=686 (full 186):
 garbage-first heap   total 198656K, used 104558K [0x0000000700000000, 0x0000000700100610, 0x00000007c0000000)
  region size 1024K, 29 young (29696K), 1 survivors (1024K)
 Metaspace       used 82999K, capacity 84971K, committed 91720K, reserved 1128448K
  class space    used 10774K, capacity 11204K, committed 12616K, reserved 1048576K
}
Event: 31271.489 GC heap after
{Heap after GC invocations=687 (full 186):
 garbage-first heap   total 198656K, used 76760K [0x0000000700000000, 0x0000000700100610, 0x00000007c0000000)
  region size 1024K, 1 young (1024K), 1 survivors (1024K)
 Metaspace       used 82999K, capacity 84971K, committed 91720K, reserved 1128448K
  class space    used 10774K, capacity 11204K, committed 12616K, reserved 1048576K
}
Event: 31275.840 GC heap before
{Heap before GC invocations=687 (full 186):
 garbage-first heap   total 198656K, used 137176K [0x0000000700000000, 0x0000000700100610, 0x00000007c0000000)
  region size 1024K, 60 young (61440K), 1 survivors (1024K)
 Metaspace       used 83007K, capacity 84977K, committed 91720K, reserved 1128448K
  class space    used 10775K, capacity 11205K, committed 12616K, reserved 1048576K
}
Event: 31275.845 GC heap after
{Heap after GC invocations=688 (full 186):
 garbage-first heap   total 198656K, used 77007K [0x0000000700000000, 0x0000000700100610, 0x00000007c0000000)
  region size 1024K, 1 young (1024K), 1 survivors (1024K)
 Metaspace       used 83007K, capacity 84977K, committed 91720K, reserved 1128448K
  class space    used 10775K, capacity 11205K, committed 12616K, reserved 1048576K
}
Event: 31276.925 GC heap before
{Heap before GC invocations=688 (full 186):
 garbage-first heap   total 198656K, used 137423K [0x0000000700000000, 0x0000000700100610, 0x00000007c0000000)
  region size 1024K, 60 young (61440K), 1 survivors (1024K)
 Metaspace       used 83048K, capacity 84977K, committed 91720K, reserved 1128448K
  class space    used 10777K, capacity 11205K, committed 12616K, reserved 1048576K
}
Event: 31276.929 GC heap after
{Heap after GC invocations=689 (full 186):
 garbage-first heap   total 198656K, used 77145K [0x0000000700000000, 0x0000000700100610, 0x00000007c0000000)
  region size 1024K, 1 young (1024K), 1 survivors (1024K)
 Metaspace       used 83048K, capacity 84977K, committed 91720K, reserved 1128448K
  class space    used 10777K, capacity 11205K, committed 12616K, reserved 1048576K
}

