# JRE version: Java(TM) SE Runtime Environment (9.0+11) (build 9.0.4+11)
# Java VM: Java HotSpot(TM) 64-Bit Server VM (9.0.4+11, mixed mode, tiered, compressed oops, g1 gc, windows-amd64)
Heap:
 garbage-first heap   total 188416K, used 120461K [0x0000000700000000, 0x00000007001005c0, 0x00000007c0000000)
  region size 1024K, 58 young (59392K), 0 survivors (0K)
 Metaspace       used 79470K, capacity 82537K, committed 86472K, reserved 1124352K
  class space    used 10632K, capacity 11219K, committed 11976K, reserved 1048576K
GC Heap History (10 events):
Event: 4139.661 GC heap before
{Heap before GC invocations=146 (full 38):
 garbage-first heap   total 188416K, used 122659K [0x0000000700000000, 0x00000007001005c0, 0x00000007c0000000)
  region size 1024K, 60 young (61440K), 1 survivors (1024K)
 Metaspace       used 79115K, capacity 81993K, committed 86216K, reserved 1124352K
  class space    used 10592K, capacity 11157K, committed 11976K, reserved 1048576K
}
Event: 4139.664 GC heap after
{Heap after GC invocations=147 (full 38):
 garbage-first heap   total 188416K, used 62681K [0x0000000700000000, 0x00000007001005c0, 0x00000007c0000000)
  region size 1024K, 1 young (1024K), 1 survivors (1024K)
 Metaspace       used 79115K, capacity 81993K, committed 86216K, reserved 1124352K
  class space    used 10592K, capacity 11157K, committed 11976K, reserved 1048576K
}
Event: 4143.564 GC heap before
{Heap before GC invocations=147 (full 38):
 garbage-first heap   total 188416K, used 123097K [0x0000000700000000, 0x00000007001005c0, 0x00000007c0000000)
  region size 1024K, 60 young (61440K), 1 survivors (1024K)
 Metaspace       used 79387K, capacity 82401K, committed 86216K, reserved 1124352K
  class space    used 10629K, capacity 11217K, committed 11976K, reserved 1048576K
}
Event: 4143.569 GC heap after
{Heap after GC invocations=148 (full 38):
 garbage-first heap   total 188416K, used 63015K [0x0000000700000000, 0x00000007001005c0, 0x00000007c0000000)
  region size 1024K, 2 young (2048K), 2 survivors (2048K)
 Metaspace       used 79387K, capacity 82401K, committed 86216K, reserved 1124352K
  class space    used 10629K, capacity 11217K, committed 11976K, reserved 1048576K
}
Event: 4144.845 GC heap before
{Heap before GC invocations=148 (full 38):
 garbage-first heap   total 188416K, used 122407K [0x0000000700000000, 0x00000007001005c0, 0x00000007c0000000)
  region size 1024K, 60 young (61440K), 2 survivors (2048K)
 Metaspace       used 79420K, capacity 82473K, committed 86216K, reserved 1124352K
  class space    used 10631K, capacity 11219K, committed 11976K, reserved 1048576K
}
Event: 4144.848 GC heap after
{Heap after GC invocations=149 (full 38):
 garbage-first heap   total 188416K, used 62861K [0x0000000700000000, 0x00000007001005c0, 0x00000007c0000000)
  region size 1024K, 2 young (2048K), 2 survivors (2048K)
 Metaspace       used 79420K, capacity 82473K, committed 86216K, reserved 1124352K
  class space    used 10631K, capacity 11219K, committed 11976K, reserved 1048576K
}
Event: 4149.320 GC heap before
{Heap before GC invocations=149 (full 38):
 garbage-first heap   total 188416K, used 122253K [0x0000000700000000, 0x00000007001005c0, 0x00000007c0000000)
  region size 1024K, 60 young (61440K), 2 survivors (2048K)
 Metaspace       used 79446K, capacity 82537K, committed 86472K, reserved 1124352K
  class space    used 10632K, capacity 11219K, committed 11976K, reserved 1048576K
}
Event: 4149.322 GC heap after
{Heap after GC invocations=150 (full 38):
 garbage-first heap   total 188416K, used 62851K [0x0000000700000000, 0x00000007001005c0, 0x00000007c0000000)
  region size 1024K, 2 young (2048K), 2 survivors (2048K)
 Metaspace       used 79446K, capacity 82537K, committed 86472K, reserved 1124352K
  class space    used 10632K, capacity 11219K, committed 11976K, reserved 1048576K
}
Event: 4150.127 GC heap before
{Heap before GC invocations=150 (full 38):
 garbage-first heap   total 188416K, used 112003K [0x0000000700000000, 0x00000007001005c0, 0x00000007c0000000)
  region size 1024K, 51 young (52224K), 2 survivors (2048K)
 Metaspace       used 79450K, capacity 82537K, committed 86472K, reserved 1124352K
  class space    used 10632K, capacity 11219K, committed 11976K, reserved 1048576K
}
Event: 4150.287 GC heap after
{Heap after GC invocations=151 (full 39):
 garbage-first heap   total 188416K, used 62093K [0x0000000700000000, 0x00000007001005c0, 0x00000007c0000000)
  region size 1024K, 0 young (0K), 0 survivors (0K)
 Metaspace       used 79450K, capacity 82537K, committed 86472K, reserved 1124352K
  class space    used 10632K, capacity 11219K, committed 11976K, reserved 1048576K
}

