# JRE version: Java(TM) SE Runtime Environment (9.0+11) (build 9.0.4+11)
# Java VM: Java HotSpot(TM) 64-Bit Server VM (9.0.4+11, mixed mode, tiered, compressed oops, g1 gc, windows-amd64)
Heap:
 garbage-first heap   total 187392K, used 106522K [0x0000000700000000, 0x00000007001005b8, 0x00000007c0000000)
  region size 1024K, 21 young (21504K), 5 survivors (5120K)
 Metaspace       used 84817K, capacity 86395K, committed 95228K, reserved 1132544K
  class space    used 10897K, capacity 11282K, committed 13052K, reserved 1048576K
GC Heap History (10 events):
Event: 13604.097 GC heap before
{Heap before GC invocations=825 (full 191):
 garbage-first heap   total 187392K, used 147006K [0x0000000700000000, 0x00000007001005b8, 0x00000007c0000000)
  region size 1024K, 60 young (61440K), 4 survivors (4096K)
 Metaspace       used 84791K, capacity 86395K, committed 95228K, reserved 1132544K
  class space    used 10897K, capacity 11282K, committed 13052K, reserved 1048576K
}
Event: 13604.104 GC heap after
{Heap after GC invocations=826 (full 191):
 garbage-first heap   total 187392K, used 89803K [0x0000000700000000, 0x00000007001005b8, 0x00000007c0000000)
  region size 1024K, 4 young (4096K), 4 survivors (4096K)
 Metaspace       used 84791K, capacity 86395K, committed 95228K, reserved 1132544K
  class space    used 10897K, capacity 11282K, committed 13052K, reserved 1048576K
}
Event: 13604.800 GC heap before
{Heap before GC invocations=827 (full 191):
 garbage-first heap   total 187392K, used 147147K [0x0000000700000000, 0x00000007001005b8, 0x00000007c0000000)
  region size 1024K, 60 young (61440K), 4 survivors (4096K)
 Metaspace       used 84800K, capacity 86395K, committed 95228K, reserved 1132544K
  class space    used 10897K, capacity 11282K, committed 13052K, reserved 1048576K
}
Event: 13604.805 GC heap after
{Heap after GC invocations=828 (full 191):
 garbage-first heap   total 187392K, used 90013K [0x0000000700000000, 0x00000007001005b8, 0x00000007c0000000)
  region size 1024K, 4 young (4096K), 4 survivors (4096K)
 Metaspace       used 84800K, capacity 86395K, committed 95228K, reserved 1132544K
  class space    used 10897K, capacity 11282K, committed 13052K, reserved 1048576K
}
Event: 13605.659 GC heap before
{Heap before GC invocations=828 (full 191):
 garbage-first heap   total 187392K, used 147357K [0x0000000700000000, 0x00000007001005b8, 0x00000007c0000000)
  region size 1024K, 60 young (61440K), 4 survivors (4096K)
 Metaspace       used 84812K, capacity 86395K, committed 95228K, reserved 1132544K
  class space    used 10897K, capacity 11282K, committed 13052K, reserved 1048576K
}
Event: 13605.672 GC heap after
{Heap after GC invocations=829 (full 191):
 garbage-first heap   total 187392K, used 90274K [0x0000000700000000, 0x00000007001005b8, 0x00000007c0000000)
  region size 1024K, 4 young (4096K), 4 survivors (4096K)
 Metaspace       used 84812K, capacity 86395K, committed 95228K, reserved 1132544K
  class space    used 10897K, capacity 11282K, committed 13052K, reserved 1048576K
}
Event: 13608.879 GC heap before
{Heap before GC invocations=830 (full 191):
 garbage-first heap   total 187392K, used 147618K [0x0000000700000000, 0x00000007001005b8, 0x00000007c0000000)
  region size 1024K, 60 young (61440K), 4 survivors (4096K)
 Metaspace       used 84814K, capacity 86395K, committed 95228K, reserved 1132544K
  class space    used 10897K, capacity 11282K, committed 13052K, reserved 1048576K
}
Event: 13608.895 GC heap after
{Heap after GC invocations=831 (full 191):
 garbage-first heap   total 187392K, used 91024K [0x0000000700000000, 0x00000007001005b8, 0x00000007c0000000)
  region size 1024K, 5 young (5120K), 5 survivors (5120K)
 Metaspace       used 84814K, capacity 86395K, committed 95228K, reserved 1132544K
  class space    used 10897K, capacity 11282K, committed 13052K, reserved 1048576K
}
Event: 13613.333 GC heap before
{Heap before GC invocations=831 (full 191):
 garbage-first heap   total 187392K, used 147344K [0x0000000700000000, 0x00000007001005b8, 0x00000007c0000000)
  region size 1024K, 60 young (61440K), 5 survivors (5120K)
 Metaspace       used 84817K, capacity 86395K, committed 95228K, reserved 1132544K
  class space    used 10897K, capacity 11282K, committed 13052K, reserved 1048576K
}
Event: 13613.339 GC heap after
{Heap after GC invocations=832 (full 191):
 garbage-first heap   total 187392K, used 91162K [0x0000000700000000, 0x00000007001005b8, 0x00000007c0000000)
  region size 1024K, 5 young (5120K), 5 survivors (5120K)
 Metaspace       used 84817K, capacity 86395K, committed 95228K, reserved 1132544K
  class space    used 10897K, capacity 11282K, committed 13052K, reserved 1048576K
}

