# JRE version: Java(TM) SE Runtime Environment (9.0+11) (build 9.0.4+11)
# Java VM: Java HotSpot(TM) 64-Bit Server VM (9.0.4+11, mixed mode, tiered, compressed oops, g1 gc, windows-amd64)
Heap:
 garbage-first heap   total 195584K, used 124598K [0x0000000700000000, 0x00000007001005f8, 0x00000007c0000000)
  region size 1024K, 42 young (43008K), 1 survivors (1024K)
 Metaspace       used 78204K, capacity 79785K, committed 86652K, reserved 1124352K
  class space    used 10361K, capacity 10715K, committed 12156K, reserved 1048576K
GC Heap History (10 events):
Event: 14342.447 GC heap before
{Heap before GC invocations=203 (full 30):
 garbage-first heap   total 195584K, used 143950K [0x0000000700000000, 0x00000007001005f8, 0x00000007c0000000)
  region size 1024K, 60 young (61440K), 1 survivors (1024K)
 Metaspace       used 78114K, capacity 79711K, committed 86396K, reserved 1124352K
  class space    used 10360K, capacity 10714K, committed 12156K, reserved 1048576K
}
Event: 14342.450 GC heap after
{Heap after GC invocations=204 (full 30):
 garbage-first heap   total 195584K, used 83759K [0x0000000700000000, 0x00000007001005f8, 0x00000007c0000000)
  region size 1024K, 2 young (2048K), 2 survivors (2048K)
 Metaspace       used 78114K, capacity 79711K, committed 86396K, reserved 1124352K
  class space    used 10360K, capacity 10714K, committed 12156K, reserved 1048576K
}
Event: 14342.679 GC heap before
{Heap before GC invocations=204 (full 30):
 garbage-first heap   total 195584K, used 143151K [0x0000000700000000, 0x00000007001005f8, 0x00000007c0000000)
  region size 1024K, 60 young (61440K), 2 survivors (2048K)
 Metaspace       used 78126K, capacity 79717K, committed 86396K, reserved 1124352K
  class space    used 10361K, capacity 10715K, committed 12156K, reserved 1048576K
}
Event: 14342.681 GC heap after
{Heap after GC invocations=205 (full 30):
 garbage-first heap   total 195584K, used 83460K [0x0000000700000000, 0x00000007001005f8, 0x00000007c0000000)
  region size 1024K, 1 young (1024K), 1 survivors (1024K)
 Metaspace       used 78126K, capacity 79717K, committed 86396K, reserved 1124352K
  class space    used 10361K, capacity 10715K, committed 12156K, reserved 1048576K
}
Event: 14404.587 GC heap before
{Heap before GC invocations=205 (full 30):
 garbage-first heap   total 195584K, used 143876K [0x0000000700000000, 0x00000007001005f8, 0x00000007c0000000)
  region size 1024K, 60 young (61440K), 1 survivors (1024K)
 Metaspace       used 78160K, capacity 79781K, committed 86652K, reserved 1124352K
  class space    used 10361K, capacity 10715K, committed 12156K, reserved 1048576K
}
Event: 14404.589 GC heap after
{Heap after GC invocations=206 (full 30):
 garbage-first heap   total 195584K, used 83496K [0x0000000700000000, 0x00000007001005f8, 0x00000007c0000000)
  region size 1024K, 1 young (1024K), 1 survivors (1024K)
 Metaspace       used 78160K, capacity 79781K, committed 86652K, reserved 1124352K
  class space    used 10361K, capacity 10715K, committed 12156K, reserved 1048576K
}
Event: 14406.509 GC heap before
{Heap before GC invocations=206 (full 30):
 garbage-first heap   total 195584K, used 143912K [0x0000000700000000, 0x00000007001005f8, 0x00000007c0000000)
  region size 1024K, 60 young (61440K), 1 survivors (1024K)
 Metaspace       used 78173K, capacity 79781K, committed 86652K, reserved 1124352K
  class space    used 10361K, capacity 10715K, committed 12156K, reserved 1048576K
}
Event: 14406.511 GC heap after
{Heap after GC invocations=207 (full 30):
 garbage-first heap   total 195584K, used 83395K [0x0000000700000000, 0x00000007001005f8, 0x00000007c0000000)
  region size 1024K, 1 young (1024K), 1 survivors (1024K)
 Metaspace       used 78173K, capacity 79781K, committed 86652K, reserved 1124352K
  class space    used 10361K, capacity 10715K, committed 12156K, reserved 1048576K
}
Event: 14410.949 GC heap before
{Heap before GC invocations=207 (full 30):
 garbage-first heap   total 195584K, used 143811K [0x0000000700000000, 0x00000007001005f8, 0x00000007c0000000)
  region size 1024K, 60 young (61440K), 1 survivors (1024K)
 Metaspace       used 78189K, capacity 79781K, committed 86652K, reserved 1124352K
  class space    used 10361K, capacity 10715K, committed 12156K, reserved 1048576K
}
Event: 14410.957 GC heap after
{Heap after GC invocations=208 (full 30):
 garbage-first heap   total 195584K, used 83638K [0x0000000700000000, 0x00000007001005f8, 0x00000007c0000000)
  region size 1024K, 1 young (1024K), 1 survivors (1024K)
 Metaspace       used 78189K, capacity 79781K, committed 86652K, reserved 1124352K
  class space    used 10361K, capacity 10715K, committed 12156K, reserved 1048576K
}

