# JRE version: Java(TM) SE Runtime Environment (9.0+11) (build 9.0.4+11)
# Java VM: Java HotSpot(TM) 64-Bit Server VM (9.0.4+11, mixed mode, tiered, compressed oops, g1 gc, windows-amd64)
Heap:
 garbage-first heap   total 187392K, used 111251K [0x0000000700000000, 0x00000007001005b8, 0x00000007c0000000)
  region size 1024K, 41 young (41984K), 1 survivors (1024K)
 Metaspace       used 83982K, capacity 86447K, committed 92028K, reserved 1128448K
  class space    used 10983K, capacity 11492K, committed 12668K, reserved 1048576K
GC Heap History (10 events):
Event: 28724.913 GC heap before
{Heap before GC invocations=562 (full 215):
 garbage-first heap   total 187392K, used 129089K [0x0000000700000000, 0x00000007001005b8, 0x00000007c0000000)
  region size 1024K, 55 young (56320K), 1 survivors (1024K)
 Metaspace       used 83969K, capacity 86447K, committed 92028K, reserved 1128448K
  class space    used 10983K, capacity 11492K, committed 12668K, reserved 1048576K
}
Event: 28725.089 GC heap after
{Heap after GC invocations=563 (full 216):
 garbage-first heap   total 187392K, used 70731K [0x0000000700000000, 0x00000007001005b8, 0x00000007c0000000)
  region size 1024K, 0 young (0K), 0 survivors (0K)
 Metaspace       used 83969K, capacity 86447K, committed 92028K, reserved 1128448K
  class space    used 10983K, capacity 11492K, committed 12668K, reserved 1048576K
}
Event: 28725.859 GC heap before
{Heap before GC invocations=563 (full 216):
 garbage-first heap   total 187392K, used 80971K [0x0000000700000000, 0x00000007001005b8, 0x00000007c0000000)
  region size 1024K, 11 young (11264K), 0 survivors (0K)
 Metaspace       used 83971K, capacity 86447K, committed 92028K, reserved 1128448K
  class space    used 10983K, capacity 11492K, committed 12668K, reserved 1048576K
}
Event: 28726.019 GC heap after
{Heap after GC invocations=564 (full 217):
 garbage-first heap   total 187392K, used 70768K [0x0000000700000000, 0x00000007001005b8, 0x00000007c0000000)
  region size 1024K, 0 young (0K), 0 survivors (0K)
 Metaspace       used 83971K, capacity 86447K, committed 92028K, reserved 1128448K
  class space    used 10983K, capacity 11492K, committed 12668K, reserved 1048576K
}
Event: 28763.228 GC heap before
{Heap before GC invocations=564 (full 217):
 garbage-first heap   total 187392K, used 132208K [0x0000000700000000, 0x00000007001005b8, 0x00000007c0000000)
  region size 1024K, 60 young (61440K), 0 survivors (0K)
 Metaspace       used 83975K, capacity 86447K, committed 92028K, reserved 1128448K
  class space    used 10983K, capacity 11492K, committed 12668K, reserved 1048576K
}
Event: 28763.233 GC heap after
{Heap after GC invocations=565 (full 217):
 garbage-first heap   total 187392K, used 71097K [0x0000000700000000, 0x00000007001005b8, 0x00000007c0000000)
  region size 1024K, 1 young (1024K), 1 survivors (1024K)
 Metaspace       used 83975K, capacity 86447K, committed 92028K, reserved 1128448K
  class space    used 10983K, capacity 11492K, committed 12668K, reserved 1048576K
}
Event: 28831.927 GC heap before
{Heap before GC invocations=565 (full 217):
 garbage-first heap   total 187392K, used 131513K [0x0000000700000000, 0x00000007001005b8, 0x00000007c0000000)
  region size 1024K, 60 young (61440K), 1 survivors (1024K)
 Metaspace       used 83976K, capacity 86447K, committed 92028K, reserved 1128448K
  class space    used 10983K, capacity 11492K, committed 12668K, reserved 1048576K
}
Event: 28831.932 GC heap after
{Heap after GC invocations=566 (full 217):
 garbage-first heap   total 187392K, used 71256K [0x0000000700000000, 0x00000007001005b8, 0x00000007c0000000)
  region size 1024K, 1 young (1024K), 1 survivors (1024K)
 Metaspace       used 83976K, capacity 86447K, committed 92028K, reserved 1128448K
  class space    used 10983K, capacity 11492K, committed 12668K, reserved 1048576K
}
Event: 28832.134 GC heap before
{Heap before GC invocations=566 (full 217):
 garbage-first heap   total 187392K, used 131672K [0x0000000700000000, 0x00000007001005b8, 0x00000007c0000000)
  region size 1024K, 60 young (61440K), 1 survivors (1024K)
 Metaspace       used 83976K, capacity 86447K, committed 92028K, reserved 1128448K
  class space    used 10983K, capacity 11492K, committed 12668K, reserved 1048576K
}
Event: 28832.136 GC heap after
{Heap after GC invocations=567 (full 217):
 garbage-first heap   total 187392K, used 71315K [0x0000000700000000, 0x00000007001005b8, 0x00000007c0000000)
  region size 1024K, 1 young (1024K), 1 survivors (1024K)
 Metaspace       used 83976K, capacity 86447K, committed 92028K, reserved 1128448K
  class space    used 10983K, capacity 11492K, committed 12668K, reserved 1048576K
}

