# JRE version: Java(TM) SE Runtime Environment (9.0+11) (build 9.0.4+11)
# Java VM: Java HotSpot(TM) 64-Bit Server VM (9.0.4+11, mixed mode, tiered, compressed oops, g1 gc, windows-amd64)
Heap:
 garbage-first heap   total 243712K, used 195827K [0x0000000700000000, 0x0000000700100770, 0x00000007c0000000)
  region size 1024K, 52 young (53248K), 1 survivors (1024K)
 Metaspace       used 92992K, capacity 94871K, committed 100348K, reserved 1136640K
  class space    used 12008K, capacity 12422K, committed 13564K, reserved 1048576K
GC Heap History (10 events):
Event: 88557.680 GC heap before
{Heap before GC invocations=2390 (full 191):
 garbage-first heap   total 243712K, used 205766K [0x0000000700000000, 0x0000000700100770, 0x00000007c0000000)
  region size 1024K, 60 young (61440K), 0 survivors (0K)
 Metaspace       used 92991K, capacity 94871K, committed 100348K, reserved 1136640K
  class space    used 12008K, capacity 12422K, committed 13564K, reserved 1048576K
}
Event: 88557.686 GC heap after
{Heap after GC invocations=2391 (full 191):
 garbage-first heap   total 243712K, used 144567K [0x0000000700000000, 0x0000000700100770, 0x00000007c0000000)
  region size 1024K, 1 young (1024K), 1 survivors (1024K)
 Metaspace       used 92991K, capacity 94871K, committed 100348K, reserved 1136640K
  class space    used 12008K, capacity 12422K, committed 13564K, reserved 1048576K
}
Event: 88582.856 GC heap before
{Heap before GC invocations=2391 (full 191):
 garbage-first heap   total 243712K, used 204983K [0x0000000700000000, 0x0000000700100770, 0x00000007c0000000)
  region size 1024K, 60 young (61440K), 1 survivors (1024K)
 Metaspace       used 92991K, capacity 94871K, committed 100348K, reserved 1136640K
  class space    used 12008K, capacity 12422K, committed 13564K, reserved 1048576K
}
Event: 88582.858 GC heap after
{Heap after GC invocations=2392 (full 191):
 garbage-first heap   total 243712K, used 144640K [0x0000000700000000, 0x0000000700100770, 0x00000007c0000000)
  region size 1024K, 1 young (1024K), 1 survivors (1024K)
 Metaspace       used 92991K, capacity 94871K, committed 100348K, reserved 1136640K
  class space    used 12008K, capacity 12422K, committed 13564K, reserved 1048576K
}
Event: 88589.017 GC heap before
{Heap before GC invocations=2392 (full 191):
 garbage-first heap   total 243712K, used 153856K [0x0000000700000000, 0x0000000700100770, 0x00000007c0000000)
  region size 1024K, 11 young (11264K), 1 survivors (1024K)
 Metaspace       used 92991K, capacity 94871K, committed 100348K, reserved 1136640K
  class space    used 12008K, capacity 12422K, committed 13564K, reserved 1048576K
}
Event: 88589.333 GC heap after
{Heap after GC invocations=2393 (full 192):
 garbage-first heap   total 243712K, used 144285K [0x0000000700000000, 0x0000000700100770, 0x00000007c0000000)
  region size 1024K, 0 young (0K), 0 survivors (0K)
 Metaspace       used 92991K, capacity 94871K, committed 100348K, reserved 1136640K
  class space    used 12008K, capacity 12422K, committed 13564K, reserved 1048576K
}
Event: 88617.071 GC heap before
{Heap before GC invocations=2393 (full 192):
 garbage-first heap   total 243712K, used 205725K [0x0000000700000000, 0x0000000700100770, 0x00000007c0000000)
  region size 1024K, 60 young (61440K), 0 survivors (0K)
 Metaspace       used 92991K, capacity 94871K, committed 100348K, reserved 1136640K
  class space    used 12008K, capacity 12422K, committed 13564K, reserved 1048576K
}
Event: 88617.074 GC heap after
{Heap after GC invocations=2394 (full 192):
 garbage-first heap   total 243712K, used 144628K [0x0000000700000000, 0x0000000700100770, 0x00000007c0000000)
  region size 1024K, 1 young (1024K), 1 survivors (1024K)
 Metaspace       used 92991K, capacity 94871K, committed 100348K, reserved 1136640K
  class space    used 12008K, capacity 12422K, committed 13564K, reserved 1048576K
}
Event: 88631.352 GC heap before
{Heap before GC invocations=2394 (full 192):
 garbage-first heap   total 243712K, used 205044K [0x0000000700000000, 0x0000000700100770, 0x00000007c0000000)
  region size 1024K, 60 young (61440K), 1 survivors (1024K)
 Metaspace       used 92991K, capacity 94871K, committed 100348K, reserved 1136640K
  class space    used 12008K, capacity 12422K, committed 13564K, reserved 1048576K
}
Event: 88631.354 GC heap after
{Heap after GC invocations=2395 (full 192):
 garbage-first heap   total 243712K, used 144627K [0x0000000700000000, 0x0000000700100770, 0x00000007c0000000)
  region size 1024K, 1 young (1024K), 1 survivors (1024K)
 Metaspace       used 92991K, capacity 94871K, committed 100348K, reserved 1136640K
  class space    used 12008K, capacity 12422K, committed 13564K, reserved 1048576K
}

